<?xml version="1.0" encoding="UTF-8"?>
<!-- Generated by org.testng.reporters.JUnitReportReporter -->
<testsuite hostname="CSCO-W-PF34M4M1" failures="0" tests="1" name="com.selenium.test.TestLogin" time="5.666" errors="0" timestamp="2022-02-16T10:05:49 IST" skipped="0">
  <testcase classname="com.selenium.test.TestLogin" name="TestLogin" time="5.666"/>
  <system-out/>
</testsuite> <!-- com.selenium.test.TestLogin -->
